<?xml version="1.0" encoding="UTF-8"?>
<!-- Generated by org.testng.reporters.JUnitXMLReporter -->
<testsuite ignored="52" hostname="TRPL-PUN-0113" failures="0" tests="1" name="Default test" time="102.865" errors="0" timestamp="2025-02-11T10:10:19 IST">
  <testcase classname="testCases.ClientsTest" name="DailyUpdates" time="29.487"/>
  <testcase classname="testCases.ClientsTest" name="OpenStatus" time="0.0">
    <ignored/>
  </testcase> <!-- OpenStatus -->
  <testcase classname="testCases.ClientsTest" name="RegistrationSHistoryBar" time="0.0">
    <ignored/>
  </testcase> <!-- RegistrationSHistoryBar -->
  <testcase classname="testCases.ClientsTest" name="ClosedStatus" time="0.0">
    <ignored/>
  </testcase> <!-- ClosedStatus -->
  <testcase classname="testCases.ClientsTest" name="OpenNoticesView" time="0.0">
    <ignored/>
  </testcase> <!-- OpenNoticesView -->
  <testcase classname="testCases.ClientsTest" name="RegistrationStatusBar" time="0.0">
    <ignored/>
  </testcase> <!-- RegistrationStatusBar -->
  <testcase classname="testCases.ClientsTest" name="LocationsSearch" time="0.0">
    <ignored/>
  </testcase> <!-- LocationsSearch -->
  <testcase classname="testCases.ClientsTest" name="exportOpen" time="0.0">
    <ignored/>
  </testcase> <!-- exportOpen -->
  <testcase classname="testCases.ClientsTest" name="OverviewNotice" time="0.0">
    <ignored/>
  </testcase> <!-- OverviewNotice -->
  <testcase classname="testCases.ClientsTest" name="DownloadActiveBar" time="0.0">
    <ignored/>
  </testcase> <!-- DownloadActiveBar -->
  <testcase classname="testCases.ClientsTest" name="CompliancePerformance" time="0.0">
    <ignored/>
  </testcase> <!-- CompliancePerformance -->
  <testcase classname="testCases.ClientsTest" name="RegistrationSHistoryExport" time="0.0">
    <ignored/>
  </testcase> <!-- RegistrationSHistoryExport -->
  <testcase classname="testCases.ClientsTest" name="FCOverdue" time="0.0">
    <ignored/>
  </testcase> <!-- FCOverdue -->
  <testcase classname="testCases.ClientsTest" name="exportClra" time="0.0">
    <ignored/>
  </testcase> <!-- exportClra -->
  <testcase classname="testCases.ClientsTest" name="exportPayrollCompliancesOverdue" time="0.0">
    <ignored/>
  </testcase> <!-- exportPayrollCompliancesOverdue -->
  <testcase classname="testCases.ClientsTest" name="DownloadActive" time="0.0">
    <ignored/>
  </testcase> <!-- DownloadActive -->
  <testcase classname="testCases.ClientsTest" name="exportcount" time="0.0">
    <ignored/>
  </testcase> <!-- exportcount -->
  <testcase classname="testCases.ClientsTest" name="EntitiesSearch" time="0.0">
    <ignored/>
  </testcase> <!-- EntitiesSearch -->
  <testcase classname="testCases.ClientsTest" name="exportEC" time="0.0">
    <ignored/>
  </testcase> <!-- exportEC -->
  <testcase classname="testCases.ClientsTest" name="OpenView" time="0.0">
    <ignored/>
  </testcase> <!-- OpenView -->
  <testcase classname="testCases.ClientsTest" name="ViewAddNew" time="0.0">
    <ignored/>
  </testcase> <!-- ViewAddNew -->
  <testcase classname="testCases.ClientsTest" name="NoticeSearch" time="0.0">
    <ignored/>
  </testcase> <!-- NoticeSearch -->
  <testcase classname="testCases.ClientsTest" name="ActiveSearch" time="0.0">
    <ignored/>
  </testcase> <!-- ActiveSearch -->
  <testcase classname="testCases.ClientsTest" name="ECOverdue" time="0.0">
    <ignored/>
  </testcase> <!-- ECOverdue -->
  <testcase classname="testCases.ClientsTest" name="RegistrationSHistory" time="0.0">
    <ignored/>
  </testcase> <!-- RegistrationSHistory -->
  <testcase classname="testCases.ClientsTest" name="CalendarExport" time="0.0">
    <ignored/>
  </testcase> <!-- CalendarExport -->
  <testcase classname="testCases.ClientsTest" name="ClraOverdue" time="0.0">
    <ignored/>
  </testcase> <!-- ClraOverdue -->
  <testcase classname="testCases.ClientsTest" name="Entities" time="0.0">
    <ignored/>
  </testcase> <!-- Entities -->
  <testcase classname="testCases.ClientsTest" name="exportNoticeStatus" time="0.0">
    <ignored/>
  </testcase> <!-- exportNoticeStatus -->
  <testcase classname="testCases.ClientsTest" name="OverviewAC" time="0.0">
    <ignored/>
  </testcase> <!-- OverviewAC -->
  <testcase classname="testCases.ClientsTest" name="ClosedView" time="0.0">
    <ignored/>
  </testcase> <!-- ClosedView -->
  <testcase classname="testCases.ClientsTest" name="PayrollCompliancesOverdue" time="0.0">
    <ignored/>
  </testcase> <!-- PayrollCompliancesOverdue -->
  <testcase classname="testCases.ClientsTest" name="RegistrationSViewL" time="0.0">
    <ignored/>
  </testcase> <!-- RegistrationSViewL -->
  <testcase classname="testCases.ClientsTest" name="ExpiredRegistrations" time="0.0">
    <ignored/>
  </testcase> <!-- ExpiredRegistrations -->
  <testcase classname="testCases.ClientsTest" name="RegistrationSExport" time="0.0">
    <ignored/>
  </testcase> <!-- RegistrationSExport -->
  <testcase classname="testCases.ClientsTest" name="OpenNotices" time="0.0">
    <ignored/>
  </testcase> <!-- OpenNotices -->
  <testcase classname="testCases.ClientsTest" name="exportCP" time="0.0">
    <ignored/>
  </testcase> <!-- exportCP -->
  <testcase classname="testCases.ClientsTest" name="NoticeSearchClear" time="0.0">
    <ignored/>
  </testcase> <!-- NoticeSearchClear -->
  <testcase classname="testCases.ClientsTest" name="exportNotice" time="0.0">
    <ignored/>
  </testcase> <!-- exportNotice -->
  <testcase classname="testCases.ClientsTest" name="AssignedCompliances" time="0.0">
    <ignored/>
  </testcase> <!-- AssignedCompliances -->
  <testcase classname="testCases.ClientsTest" name="RegistrationStatusExportBar" time="0.0">
    <ignored/>
  </testcase> <!-- RegistrationStatusExportBar -->
  <testcase classname="testCases.ClientsTest" name="Locations" time="0.0">
    <ignored/>
  </testcase> <!-- Locations -->
  <testcase classname="testCases.ClientsTest" name="OpenNoticesback" time="0.0">
    <ignored/>
  </testcase> <!-- OpenNoticesback -->
  <testcase classname="testCases.ClientsTest" name="RegistrationSView" time="0.0">
    <ignored/>
  </testcase> <!-- RegistrationSView -->
  <testcase classname="testCases.ClientsTest" name="RegistrationStatus" time="0.0">
    <ignored/>
  </testcase> <!-- RegistrationStatus -->
  <testcase classname="testCases.ClientsTest" name="exportFC" time="0.0">
    <ignored/>
  </testcase> <!-- exportFC -->
  <testcase classname="testCases.ClientsTest" name="RegistrationSearch" time="0.0">
    <ignored/>
  </testcase> <!-- RegistrationSearch -->
  <testcase classname="testCases.ClientsTest" name="CalendarCount" time="0.0">
    <ignored/>
  </testcase> <!-- CalendarCount -->
  <testcase classname="testCases.ClientsTest" name="CalendarOverview" time="0.0">
    <ignored/>
  </testcase> <!-- CalendarOverview -->
  <testcase classname="testCases.ClientsTest" name="exportClosed" time="0.0">
    <ignored/>
  </testcase> <!-- exportClosed -->
  <testcase classname="testCases.ClientsTest" name="RegistrationSHistoryExportBar" time="0.0">
    <ignored/>
  </testcase> <!-- RegistrationSHistoryExportBar -->
  <testcase classname="testCases.ClientsTest" name="RegistrationStatusExport" time="0.0">
    <ignored/>
  </testcase> <!-- RegistrationStatusExport -->
  <testcase classname="testCases.ClientsTest" name="OpenNoticesEditback" time="0.0">
    <ignored/>
  </testcase> <!-- OpenNoticesEditback -->
</testsuite> <!-- Default test -->
